2022-02-02 21:57:38,223 - basicLogger - DEBUG - Stored event add_advertisement_description request with a trace id of 2fc0dbb6-84b6-11ec-9b98-002590870b87
2022-02-02 21:57:38,296 - basicLogger - DEBUG - Stored event add_advertisement_description request with a trace id of 2fbf7c3c-84b6-11ec-a4e6-002590870b87
2022-02-02 21:57:38,428 - basicLogger - DEBUG - Stored event add_advertisement_description request with a trace id of 2fe24c8f-84b6-11ec-b4ef-002590870b87
2022-02-02 21:57:38,958 - basicLogger - DEBUG - Stored event add_advertisement_description request with a trace id of 302f749a-84b6-11ec-a66a-002590870b87
2022-02-02 21:57:39,455 - basicLogger - DEBUG - Stored event add_advertisement_description request with a trace id of 307af3e8-84b6-11ec-846b-002590870b87
2022-02-02 21:57:39,960 - basicLogger - DEBUG - Stored event add_advertisement_description request with a trace id of 30c8729e-84b6-11ec-a373-002590870b87
2022-02-02 21:57:40,276 - basicLogger - DEBUG - Stored event emp_resume request with a trace id of 30fbbd64-84b6-11ec-ba03-002590870b87
2022-02-02 21:57:40,349 - basicLogger - DEBUG - Stored event emp_resume request with a trace id of 3106151d-84b6-11ec-8c35-002590870b87
2022-02-02 21:57:40,447 - basicLogger - DEBUG - Stored event add_advertisement_description request with a trace id of 31139816-84b6-11ec-a2b6-002590870b87
2022-02-02 21:57:40,487 - basicLogger - DEBUG - Stored event emp_resume request with a trace id of 311b8197-84b6-11ec-bae6-002590870b87
2022-02-02 21:57:40,950 - basicLogger - DEBUG - Stored event add_advertisement_description request with a trace id of 31602242-84b6-11ec-9938-002590870b87
2022-02-02 21:57:41,021 - basicLogger - DEBUG - Stored event emp_resume request with a trace id of 316be55c-84b6-11ec-b53b-002590870b87
2022-02-02 21:57:41,452 - basicLogger - DEBUG - Stored event add_advertisement_description request with a trace id of 31ace10d-84b6-11ec-8d50-002590870b87
2022-02-02 21:57:41,507 - basicLogger - DEBUG - Stored event emp_resume request with a trace id of 31b6a452-84b6-11ec-84a8-002590870b87
2022-02-02 21:57:41,951 - basicLogger - DEBUG - Stored event add_advertisement_description request with a trace id of 31f9c8e4-84b6-11ec-a8f2-002590870b87
2022-02-02 21:57:42,023 - basicLogger - DEBUG - Stored event emp_resume request with a trace id of 320429d0-84b6-11ec-b363-002590870b87
2022-02-02 21:57:42,341 - basicLogger - DEBUG - Stored event add_advertisement_description request with a trace id of 3234bcce-84b6-11ec-9e80-002590870b87
2022-02-02 21:57:42,426 - basicLogger - DEBUG - Stored event add_advertisement_description request with a trace id of 323f1d18-84b6-11ec-96f1-002590870b87
2022-02-02 21:57:42,500 - basicLogger - DEBUG - Stored event emp_resume request with a trace id of 324f69c6-84b6-11ec-9b3e-002590870b87
2022-02-02 21:57:42,531 - basicLogger - DEBUG - Stored event add_advertisement_description request with a trace id of 3254995e-84b6-11ec-a451-002590870b87
2022-02-02 21:57:43,037 - basicLogger - DEBUG - Stored event emp_resume request with a trace id of 329d873e-84b6-11ec-8ba4-002590870b87
2022-02-02 21:57:43,070 - basicLogger - DEBUG - Stored event add_advertisement_description request with a trace id of 32a6aed6-84b6-11ec-a33c-002590870b87
2022-02-02 21:57:43,538 - basicLogger - DEBUG - Stored event emp_resume request with a trace id of 32ea94d2-84b6-11ec-9b55-002590870b87
2022-02-02 21:57:43,571 - basicLogger - DEBUG - Stored event add_advertisement_description request with a trace id of 32f14ab6-84b6-11ec-b0c9-002590870b87
2022-02-02 21:57:44,025 - basicLogger - DEBUG - Stored event emp_resume request with a trace id of 33374b08-84b6-11ec-9d48-002590870b87
2022-02-02 21:57:44,090 - basicLogger - DEBUG - Stored event add_advertisement_description request with a trace id of 333f979a-84b6-11ec-ac92-002590870b87
2022-02-02 21:57:44,452 - basicLogger - DEBUG - Stored event emp_resume request with a trace id of 33754cd6-84b6-11ec-b5e5-002590870b87
2022-02-02 21:57:44,484 - basicLogger - DEBUG - Stored event emp_resume request with a trace id of 337c51c3-84b6-11ec-9b81-002590870b87
2022-02-02 21:57:44,534 - basicLogger - DEBUG - Stored event add_advertisement_description request with a trace id of 338726f0-84b6-11ec-9312-002590870b87
2022-02-02 21:57:44,583 - basicLogger - DEBUG - Stored event emp_resume request with a trace id of 338c3032-84b6-11ec-ae67-002590870b87
2022-02-02 21:57:45,133 - basicLogger - DEBUG - Stored event emp_resume request with a trace id of 33ded23a-84b6-11ec-b5c7-002590870b87
2022-02-02 21:57:45,146 - basicLogger - DEBUG - Stored event add_advertisement_description request with a trace id of 33da8ce0-84b6-11ec-8a18-002590870b87
2022-02-02 21:57:45,637 - basicLogger - DEBUG - Stored event add_advertisement_description request with a trace id of 3426ecd1-84b6-11ec-988e-002590870b87
2022-02-02 21:57:45,654 - basicLogger - DEBUG - Stored event emp_resume request with a trace id of 342b8082-84b6-11ec-b1c4-002590870b87
2022-02-02 21:57:46,110 - basicLogger - DEBUG - Stored event add_advertisement_description request with a trace id of 347156c3-84b6-11ec-8f41-002590870b87
2022-02-02 21:57:46,156 - basicLogger - DEBUG - Stored event emp_resume request with a trace id of 347b69c7-84b6-11ec-9222-002590870b87
2022-02-02 21:57:46,543 - basicLogger - DEBUG - Stored event add_advertisement_description request with a trace id of 34b4f59b-84b6-11ec-82fe-002590870b87
2022-02-02 21:57:46,564 - basicLogger - DEBUG - Stored event add_advertisement_description request with a trace id of 34b78dae-84b6-11ec-bf97-002590870b87
2022-02-02 21:57:46,593 - basicLogger - DEBUG - Stored event emp_resume request with a trace id of 34bd97d9-84b6-11ec-a6f3-002590870b87
2022-02-02 21:57:46,641 - basicLogger - DEBUG - Stored event add_advertisement_description request with a trace id of 34c627e2-84b6-11ec-9e0b-002590870b87
2022-02-02 21:57:47,214 - basicLogger - DEBUG - Stored event add_advertisement_description request with a trace id of 351bd06b-84b6-11ec-b2b3-002590870b87
2022-02-02 21:57:47,222 - basicLogger - DEBUG - Stored event emp_resume request with a trace id of 351d5701-84b6-11ec-a04f-002590870b87
2022-02-02 21:57:47,735 - basicLogger - DEBUG - Stored event add_advertisement_description request with a trace id of 356ca055-84b6-11ec-8b7c-002590870b87
2022-02-02 21:57:47,738 - basicLogger - DEBUG - Stored event emp_resume request with a trace id of 356acbc1-84b6-11ec-bfe3-002590870b87
2022-02-02 21:57:48,183 - basicLogger - DEBUG - Stored event emp_resume request with a trace id of 35ae84de-84b6-11ec-96e2-002590870b87
2022-02-02 21:57:48,229 - basicLogger - DEBUG - Stored event add_advertisement_description request with a trace id of 35b58a10-84b6-11ec-b684-002590870b87
2022-02-02 21:57:48,660 - basicLogger - DEBUG - Stored event emp_resume request with a trace id of 35f5349e-84b6-11ec-b3d5-002590870b87
2022-02-02 21:57:48,682 - basicLogger - DEBUG - Stored event add_advertisement_description request with a trace id of 35f92c30-84b6-11ec-b787-002590870b87
2022-02-02 21:57:48,687 - basicLogger - DEBUG - Stored event emp_resume request with a trace id of 35f6bb59-84b6-11ec-9070-002590870b87
2022-02-02 21:57:48,717 - basicLogger - DEBUG - Stored event emp_resume request with a trace id of 35ff4778-84b6-11ec-960b-002590870b87
2022-02-02 21:57:49,305 - basicLogger - DEBUG - Stored event emp_resume request with a trace id of 365a1831-84b6-11ec-99a6-002590870b87
2022-02-02 21:57:49,307 - basicLogger - DEBUG - Stored event add_advertisement_description request with a trace id of 365ab472-84b6-11ec-9675-002590870b87
2022-02-02 21:57:49,835 - basicLogger - DEBUG - Stored event emp_resume request with a trace id of 36a727a8-84b6-11ec-b196-002590870b87
2022-02-02 21:57:49,840 - basicLogger - DEBUG - Stored event add_advertisement_description request with a trace id of 36a7eb25-84b6-11ec-bc99-002590870b87
2022-02-02 21:57:50,262 - basicLogger - DEBUG - Stored event add_advertisement_description request with a trace id of 36ea98bf-84b6-11ec-a85c-002590870b87
2022-02-02 21:57:50,286 - basicLogger - DEBUG - Stored event emp_resume request with a trace id of 36f17cf5-84b6-11ec-b67c-002590870b87
2022-02-02 21:57:50,776 - basicLogger - DEBUG - Stored event add_advertisement_description request with a trace id of 373a44e0-84b6-11ec-a494-002590870b87
2022-02-02 21:57:50,790 - basicLogger - DEBUG - Stored event add_advertisement_description request with a trace id of 373785cc-84b6-11ec-ad61-002590870b87
2022-02-02 21:57:50,798 - basicLogger - DEBUG - Stored event emp_resume request with a trace id of 3739a919-84b6-11ec-8885-002590870b87
2022-02-02 21:57:50,809 - basicLogger - DEBUG - Stored event add_advertisement_description request with a trace id of 373c407c-84b6-11ec-859d-002590870b87
2022-02-02 21:57:51,381 - basicLogger - DEBUG - Stored event emp_resume request with a trace id of 3796d438-84b6-11ec-9621-002590870b87
2022-02-02 21:57:51,384 - basicLogger - DEBUG - Stored event add_advertisement_description request with a trace id of 37965ed9-84b6-11ec-a768-002590870b87
2022-02-02 21:57:51,947 - basicLogger - DEBUG - Stored event emp_resume request with a trace id of 37ea5f83-84b6-11ec-b863-002590870b87
2022-02-02 21:57:51,951 - basicLogger - DEBUG - Stored event add_advertisement_description request with a trace id of 37e9c3cf-84b6-11ec-91f4-002590870b87
2022-02-02 21:57:52,334 - basicLogger - DEBUG - Stored event emp_resume request with a trace id of 38298360-84b6-11ec-a976-002590870b87
2022-02-02 21:57:52,350 - basicLogger - DEBUG - Stored event add_advertisement_description request with a trace id of 382cde89-84b6-11ec-92c3-002590870b87
2022-02-02 21:57:52,876 - basicLogger - DEBUG - Stored event emp_resume request with a trace id of 387a3d5e-84b6-11ec-b7e1-002590870b87
2022-02-02 21:57:52,901 - basicLogger - DEBUG - Stored event add_advertisement_description request with a trace id of 387c38ce-84b6-11ec-bdca-002590870b87
2022-02-02 21:57:52,915 - basicLogger - DEBUG - Stored event emp_resume request with a trace id of 387cd4ee-84b6-11ec-a2c1-002590870b87
2022-02-02 21:57:52,920 - basicLogger - DEBUG - Stored event emp_resume request with a trace id of 387ad93e-84b6-11ec-92ac-002590870b87
2022-02-02 21:57:53,469 - basicLogger - DEBUG - Stored event emp_resume request with a trace id of 38d4b552-84b6-11ec-8b71-002590870b87
2022-02-02 21:57:53,474 - basicLogger - DEBUG - Stored event add_advertisement_description request with a trace id of 38d3f311-84b6-11ec-91bd-002590870b87
2022-02-02 21:57:54,021 - basicLogger - DEBUG - Stored event add_advertisement_description request with a trace id of 392ab49f-84b6-11ec-9b9b-002590870b87
2022-02-02 21:57:54,035 - basicLogger - DEBUG - Stored event emp_resume request with a trace id of 392b9efc-84b6-11ec-8129-002590870b87
2022-02-02 21:57:54,392 - basicLogger - DEBUG - Stored event add_advertisement_description request with a trace id of 39641de6-84b6-11ec-b7d9-002590870b87
2022-02-02 21:57:54,408 - basicLogger - DEBUG - Stored event emp_resume request with a trace id of 39668ee4-84b6-11ec-b4c0-002590870b87
2022-02-02 21:57:54,997 - basicLogger - DEBUG - Stored event add_advertisement_description request with a trace id of 39bb434c-84b6-11ec-999b-002590870b87
2022-02-02 21:57:55,014 - basicLogger - DEBUG - Stored event emp_resume request with a trace id of 39be50a6-84b6-11ec-904e-002590870b87
2022-02-02 21:57:55,023 - basicLogger - DEBUG - Stored event add_advertisement_description request with a trace id of 39bfd706-84b6-11ec-9633-002590870b87
2022-02-02 21:57:55,029 - basicLogger - DEBUG - Stored event add_advertisement_description request with a trace id of 39beecc0-84b6-11ec-8007-002590870b87
2022-02-02 21:57:55,561 - basicLogger - DEBUG - Stored event emp_resume request with a trace id of 3a1439d9-84b6-11ec-bed2-002590870b87
2022-02-02 21:57:55,567 - basicLogger - DEBUG - Stored event add_advertisement_description request with a trace id of 3a13761c-84b6-11ec-ac42-002590870b87
2022-02-02 21:57:56,082 - basicLogger - DEBUG - Stored event emp_resume request with a trace id of 3a65d78e-84b6-11ec-b00d-002590870b87
2022-02-02 21:57:56,090 - basicLogger - DEBUG - Stored event add_advertisement_description request with a trace id of 3a67fd56-84b6-11ec-aa00-002590870b87
2022-02-02 21:57:56,432 - basicLogger - DEBUG - Stored event emp_resume request with a trace id of 3a9e30f6-84b6-11ec-8c0c-002590870b87
2022-02-02 21:57:56,449 - basicLogger - DEBUG - Stored event add_advertisement_description request with a trace id of 3aa0f025-84b6-11ec-b12d-002590870b87
2022-02-02 21:57:57,081 - basicLogger - DEBUG - Stored event add_advertisement_description request with a trace id of 3b00146c-84b6-11ec-9153-002590870b87
2022-02-02 21:57:57,090 - basicLogger - DEBUG - Stored event emp_resume request with a trace id of 3b019a65-84b6-11ec-9dbf-002590870b87
2022-02-02 21:57:57,093 - basicLogger - DEBUG - Stored event emp_resume request with a trace id of 3afdd323-84b6-11ec-b2ca-002590870b87
2022-02-02 21:57:57,096 - basicLogger - DEBUG - Stored event emp_resume request with a trace id of 3b014ba2-84b6-11ec-8186-002590870b87
2022-02-02 21:57:57,660 - basicLogger - DEBUG - Stored event add_advertisement_description request with a trace id of 3b536bc6-84b6-11ec-b296-002590870b87
2022-02-02 21:57:57,665 - basicLogger - DEBUG - Stored event emp_resume request with a trace id of 3b542efc-84b6-11ec-937e-002590870b87
2022-02-02 21:57:58,165 - basicLogger - DEBUG - Stored event add_advertisement_description request with a trace id of 3ba186fc-84b6-11ec-a12e-002590870b87
2022-02-02 21:57:58,190 - basicLogger - DEBUG - Stored event emp_resume request with a trace id of 3ba1fd2a-84b6-11ec-b31a-002590870b87
2022-02-02 21:57:58,505 - basicLogger - DEBUG - Stored event emp_resume request with a trace id of 3bd8c9fb-84b6-11ec-b6f1-002590870b87
2022-02-02 21:57:58,510 - basicLogger - DEBUG - Stored event add_advertisement_description request with a trace id of 3bd6f560-84b6-11ec-ae13-002590870b87
2022-02-02 21:57:59,157 - basicLogger - DEBUG - Stored event emp_resume request with a trace id of 3c3bbabf-84b6-11ec-a3e5-002590870b87
2022-02-02 21:57:59,174 - basicLogger - DEBUG - Stored event add_advertisement_description request with a trace id of 3c3e52cd-84b6-11ec-a736-002590870b87
2022-02-02 21:57:59,179 - basicLogger - DEBUG - Stored event add_advertisement_description request with a trace id of 3c3d8f69-84b6-11ec-9383-002590870b87
2022-02-02 21:57:59,181 - basicLogger - DEBUG - Stored event add_advertisement_description request with a trace id of 3c3c7dee-84b6-11ec-bfd3-002590870b87
2022-02-02 21:57:59,743 - basicLogger - DEBUG - Stored event add_advertisement_description request with a trace id of 3c945c6a-84b6-11ec-bd59-002590870b87
2022-02-02 21:57:59,757 - basicLogger - DEBUG - Stored event emp_resume request with a trace id of 3c93c03a-84b6-11ec-8e39-002590870b87
2022-02-02 21:58:00,222 - basicLogger - DEBUG - Stored event emp_resume request with a trace id of 3ce087cf-84b6-11ec-a1bb-002590870b87
2022-02-02 21:58:00,239 - basicLogger - DEBUG - Stored event add_advertisement_description request with a trace id of 3ce34795-84b6-11ec-ad00-002590870b87
2022-02-02 21:58:00,595 - basicLogger - DEBUG - Stored event emp_resume request with a trace id of 3d1546af-84b6-11ec-81a9-002590870b87
2022-02-02 21:58:00,598 - basicLogger - DEBUG - Stored event add_advertisement_description request with a trace id of 3d13e6d7-84b6-11ec-a48b-002590870b87
2022-02-02 21:58:01,240 - basicLogger - DEBUG - Stored event add_advertisement_description request with a trace id of 3d766064-84b6-11ec-932a-002590870b87
2022-02-02 21:58:01,261 - basicLogger - DEBUG - Stored event emp_resume request with a trace id of 3d792025-84b6-11ec-b96f-002590870b87
2022-02-02 21:58:01,265 - basicLogger - DEBUG - Stored event emp_resume request with a trace id of 3d78d206-84b6-11ec-a06a-002590870b87
2022-02-02 21:58:01,268 - basicLogger - DEBUG - Stored event emp_resume request with a trace id of 3d7a09da-84b6-11ec-a0bd-002590870b87
2022-02-02 21:58:01,809 - basicLogger - DEBUG - Stored event emp_resume request with a trace id of 3dd04010-84b6-11ec-9d53-002590870b87
2022-02-02 21:58:01,825 - basicLogger - DEBUG - Stored event add_advertisement_description request with a trace id of 3dd1ee5b-84b6-11ec-9a83-002590870b87
2022-02-02 21:58:02,277 - basicLogger - DEBUG - Stored event add_advertisement_description request with a trace id of 3e183b6f-84b6-11ec-9125-002590870b87
2022-02-02 21:58:02,306 - basicLogger - DEBUG - Stored event emp_resume request with a trace id of 3e1ad2d8-84b6-11ec-b98f-002590870b87
2022-02-02 21:58:02,673 - basicLogger - DEBUG - Stored event add_advertisement_description request with a trace id of 3e5404ca-84b6-11ec-85db-002590870b87
2022-02-02 21:58:02,678 - basicLogger - DEBUG - Stored event emp_resume request with a trace id of 3e547959-84b6-11ec-b42b-002590870b87
2022-02-02 21:58:03,353 - basicLogger - DEBUG - Stored event emp_resume request with a trace id of 3eb5593e-84b6-11ec-b19a-002590870b87
2022-02-02 21:58:03,354 - basicLogger - DEBUG - Stored event add_advertisement_description request with a trace id of 3eb88d63-84b6-11ec-b6ed-002590870b87
2022-02-02 21:58:03,373 - basicLogger - DEBUG - Stored event add_advertisement_description request with a trace id of 3eb99f2f-84b6-11ec-a9f1-002590870b87
2022-02-02 21:58:03,379 - basicLogger - DEBUG - Stored event add_advertisement_description request with a trace id of 3eb8dbe6-84b6-11ec-ae51-002590870b87
2022-02-02 21:58:03,892 - basicLogger - DEBUG - Stored event emp_resume request with a trace id of 3f0d9784-84b6-11ec-a945-002590870b87
2022-02-02 21:58:03,895 - basicLogger - DEBUG - Stored event add_advertisement_description request with a trace id of 3f0cd2f1-84b6-11ec-93ee-002590870b87
2022-02-02 21:58:04,369 - basicLogger - DEBUG - Stored event emp_resume request with a trace id of 3f54066a-84b6-11ec-b1e7-002590870b87
2022-02-02 21:58:04,388 - basicLogger - DEBUG - Stored event add_advertisement_description request with a trace id of 3f567745-84b6-11ec-8882-002590870b87
2022-02-02 21:58:04,776 - basicLogger - DEBUG - Stored event emp_resume request with a trace id of 3f906cfb-84b6-11ec-a668-002590870b87
2022-02-02 21:58:04,784 - basicLogger - DEBUG - Stored event add_advertisement_description request with a trace id of 3f915799-84b6-11ec-8661-002590870b87
2022-02-02 21:58:05,481 - basicLogger - DEBUG - Stored event emp_resume request with a trace id of 3ffd7a97-84b6-11ec-9ca5-002590870b87
2022-02-02 21:58:05,481 - basicLogger - DEBUG - Stored event emp_resume request with a trace id of 3ffcde65-84b6-11ec-9107-002590870b87
2022-02-02 21:58:05,482 - basicLogger - DEBUG - Stored event add_advertisement_description request with a trace id of 3ffae2d0-84b6-11ec-b3e6-002590870b87
2022-02-02 21:58:05,495 - basicLogger - DEBUG - Stored event emp_resume request with a trace id of 3ffb7f06-84b6-11ec-9556-002590870b87
2022-02-02 21:58:05,986 - basicLogger - DEBUG - Stored event add_advertisement_description request with a trace id of 40493688-84b6-11ec-9ac6-002590870b87
2022-02-02 21:58:05,991 - basicLogger - DEBUG - Stored event emp_resume request with a trace id of 4049ab6f-84b6-11ec-8564-002590870b87
2022-02-02 21:58:06,461 - basicLogger - DEBUG - Stored event add_advertisement_description request with a trace id of 4094e7f6-84b6-11ec-8adc-002590870b87
2022-02-02 21:58:06,464 - basicLogger - DEBUG - Stored event emp_resume request with a trace id of 40969544-84b6-11ec-8977-002590870b87
2022-02-02 21:58:06,860 - basicLogger - DEBUG - Stored event add_advertisement_description request with a trace id of 40d09c3f-84b6-11ec-ac24-002590870b87
2022-02-02 21:58:06,864 - basicLogger - DEBUG - Stored event emp_resume request with a trace id of 40d0e982-84b6-11ec-8fc8-002590870b87
2022-02-02 21:58:07,589 - basicLogger - DEBUG - Stored event add_advertisement_description request with a trace id of 413ea101-84b6-11ec-b02c-002590870b87
2022-02-02 21:58:07,604 - basicLogger - DEBUG - Stored event add_advertisement_description request with a trace id of 413d41b1-84b6-11ec-a6f8-002590870b87
2022-02-02 21:58:07,605 - basicLogger - DEBUG - Stored event add_advertisement_description request with a trace id of 413dddc5-84b6-11ec-8a6f-002590870b87
2022-02-02 21:58:07,610 - basicLogger - DEBUG - Stored event emp_resume request with a trace id of 413e52ea-84b6-11ec-8e31-002590870b87
2022-02-02 21:58:08,069 - basicLogger - DEBUG - Stored event emp_resume request with a trace id of 41887aae-84b6-11ec-84d1-002590870b87
2022-02-02 21:58:08,071 - basicLogger - DEBUG - Stored event add_advertisement_description request with a trace id of 4188eee3-84b6-11ec-9615-002590870b87
2022-02-02 21:58:08,540 - basicLogger - DEBUG - Stored event add_advertisement_description request with a trace id of 41d10d94-84b6-11ec-adfb-002590870b87
2022-02-02 21:58:08,546 - basicLogger - DEBUG - Stored event emp_resume request with a trace id of 41d0c017-84b6-11ec-b1cc-002590870b87
2022-02-02 21:58:08,953 - basicLogger - DEBUG - Stored event emp_resume request with a trace id of 420e9599-84b6-11ec-8a86-002590870b87
2022-02-02 21:58:08,959 - basicLogger - DEBUG - Stored event add_advertisement_description request with a trace id of 420ff6b2-84b6-11ec-b7b0-002590870b87
2022-02-02 21:58:09,693 - basicLogger - DEBUG - Stored event emp_resume request with a trace id of 4283a04c-84b6-11ec-b51e-002590870b87
2022-02-02 21:58:09,698 - basicLogger - DEBUG - Stored event emp_resume request with a trace id of 42801e09-84b6-11ec-8ec3-002590870b87
2022-02-02 21:58:09,702 - basicLogger - DEBUG - Stored event emp_resume request with a trace id of 4281cbdf-84b6-11ec-9e15-002590870b87
2022-02-02 21:58:09,708 - basicLogger - DEBUG - Stored event add_advertisement_description request with a trace id of 42830406-84b6-11ec-9ff8-002590870b87
2022-02-02 21:58:10,161 - basicLogger - DEBUG - Stored event add_advertisement_description request with a trace id of 42c82897-84b6-11ec-a85f-002590870b87
2022-02-02 21:58:10,166 - basicLogger - DEBUG - Stored event emp_resume request with a trace id of 42c78ce1-84b6-11ec-bed3-002590870b87
2022-02-02 21:58:10,626 - basicLogger - DEBUG - Stored event add_advertisement_description request with a trace id of 430fbb08-84b6-11ec-acc3-002590870b87
2022-02-02 21:58:10,629 - basicLogger - DEBUG - Stored event emp_resume request with a trace id of 430ed0cf-84b6-11ec-bfd7-002590870b87
2022-02-02 21:58:11,038 - basicLogger - DEBUG - Stored event emp_resume request with a trace id of 434de017-84b6-11ec-b002-002590870b87
2022-02-02 21:58:11,041 - basicLogger - DEBUG - Stored event add_advertisement_description request with a trace id of 434d6bcd-84b6-11ec-ad25-002590870b87
2022-02-02 21:58:11,794 - basicLogger - DEBUG - Stored event add_advertisement_description request with a trace id of 43bff462-84b6-11ec-abc5-002590870b87
2022-02-02 21:58:11,796 - basicLogger - DEBUG - Stored event add_advertisement_description request with a trace id of 43c0df84-84b6-11ec-9f9e-002590870b87
2022-02-02 21:58:11,798 - basicLogger - DEBUG - Stored event emp_resume request with a trace id of 43c23e58-84b6-11ec-8e02-002590870b87
2022-02-02 21:58:11,801 - basicLogger - DEBUG - Stored event add_advertisement_description request with a trace id of 43c06a74-84b6-11ec-b738-002590870b87
2022-02-02 21:58:12,239 - basicLogger - DEBUG - Stored event emp_resume request with a trace id of 44078780-84b6-11ec-98a9-002590870b87
2022-02-02 21:58:12,241 - basicLogger - DEBUG - Stored event add_advertisement_description request with a trace id of 440823d9-84b6-11ec-8526-002590870b87
2022-02-02 21:58:12,723 - basicLogger - DEBUG - Stored event add_advertisement_description request with a trace id of 444ed66e-84b6-11ec-b232-002590870b87
2022-02-02 21:58:12,726 - basicLogger - DEBUG - Stored event emp_resume request with a trace id of 444dec0c-84b6-11ec-813f-002590870b87
2022-02-02 21:58:13,120 - basicLogger - DEBUG - Stored event add_advertisement_description request with a trace id of 448b48a5-84b6-11ec-a400-002590870b87
2022-02-02 21:58:13,128 - basicLogger - DEBUG - Stored event emp_resume request with a trace id of 448bbdc4-84b6-11ec-a1d0-002590870b87
2022-02-02 21:58:13,874 - basicLogger - DEBUG - Stored event emp_resume request with a trace id of 44ff3cb9-84b6-11ec-9986-002590870b87
2022-02-02 21:58:13,885 - basicLogger - DEBUG - Stored event add_advertisement_description request with a trace id of 45004e3d-84b6-11ec-a521-002590870b87
2022-02-02 21:58:13,895 - basicLogger - DEBUG - Stored event emp_resume request with a trace id of 44ffd9c0-84b6-11ec-9c27-002590870b87
2022-02-02 21:58:13,900 - basicLogger - DEBUG - Stored event emp_resume request with a trace id of 45016079-84b6-11ec-a9cc-002590870b87
2022-02-02 21:58:14,334 - basicLogger - DEBUG - Stored event add_advertisement_description request with a trace id of 45425cd8-84b6-11ec-bbc1-002590870b87
2022-02-02 21:58:14,337 - basicLogger - DEBUG - Stored event emp_resume request with a trace id of 4542f8bf-84b6-11ec-9338-002590870b87
2022-02-02 21:58:14,806 - basicLogger - DEBUG - Stored event emp_resume request with a trace id of 458c5190-84b6-11ec-b22e-002590870b87
2022-02-02 21:58:14,809 - basicLogger - DEBUG - Stored event add_advertisement_description request with a trace id of 458cc5ea-84b6-11ec-a1ce-002590870b87
2022-02-02 21:58:15,201 - basicLogger - DEBUG - Stored event add_advertisement_description request with a trace id of 45cb20e8-84b6-11ec-b522-002590870b87
2022-02-02 21:58:15,209 - basicLogger - DEBUG - Stored event emp_resume request with a trace id of 45ca36b7-84b6-11ec-b1b7-002590870b87
2022-02-02 21:58:15,954 - basicLogger - DEBUG - Stored event add_advertisement_description request with a trace id of 463f04e0-84b6-11ec-b1f2-002590870b87
2022-02-02 21:58:15,972 - basicLogger - DEBUG - Stored event add_advertisement_description request with a trace id of 46419c37-84b6-11ec-85c3-002590870b87
2022-02-02 21:58:15,975 - basicLogger - DEBUG - Stored event emp_resume request with a trace id of 4640b2a5-84b6-11ec-8f9b-002590870b87
2022-02-02 21:58:15,977 - basicLogger - DEBUG - Stored event add_advertisement_description request with a trace id of 4640fff6-84b6-11ec-95ce-002590870b87
2022-02-02 21:58:16,407 - basicLogger - DEBUG - Stored event emp_resume request with a trace id of 4681fb68-84b6-11ec-a690-002590870b87
2022-02-02 21:58:16,409 - basicLogger - DEBUG - Stored event add_advertisement_description request with a trace id of 4682978c-84b6-11ec-970b-002590870b87
2022-02-02 21:58:16,860 - basicLogger - DEBUG - Stored event add_advertisement_description request with a trace id of 46ca2e41-84b6-11ec-acae-002590870b87
2022-02-02 21:58:16,875 - basicLogger - DEBUG - Stored event emp_resume request with a trace id of 46cb189a-84b6-11ec-96cc-002590870b87
2022-02-02 21:58:17,258 - basicLogger - DEBUG - Stored event emp_resume request with a trace id of 470872b9-84b6-11ec-bf61-002590870b87
2022-02-02 21:58:17,286 - basicLogger - DEBUG - Stored event add_advertisement_description request with a trace id of 470935a9-84b6-11ec-a671-002590870b87
2022-02-02 21:58:18,001 - basicLogger - DEBUG - Stored event emp_resume request with a trace id of 47785263-84b6-11ec-bc9d-002590870b87
2022-02-02 21:58:18,018 - basicLogger - DEBUG - Stored event emp_resume request with a trace id of 477b5fa2-84b6-11ec-8b0f-002590870b87
2022-02-02 21:58:18,035 - basicLogger - DEBUG - Stored event emp_resume request with a trace id of 477cbf37-84b6-11ec-8265-002590870b87
2022-02-02 21:58:18,037 - basicLogger - DEBUG - Stored event add_advertisement_description request with a trace id of 477c22f7-84b6-11ec-b419-002590870b87
2022-02-02 21:58:18,459 - basicLogger - DEBUG - Stored event add_advertisement_description request with a trace id of 47bd9a1a-84b6-11ec-9c25-002590870b87
2022-02-02 21:58:18,461 - basicLogger - DEBUG - Stored event emp_resume request with a trace id of 47be0f46-84b6-11ec-8ec5-002590870b87
2022-02-02 21:58:18,902 - basicLogger - DEBUG - Stored event emp_resume request with a trace id of 48026f16-84b6-11ec-9845-002590870b87
2022-02-02 21:58:18,918 - basicLogger - DEBUG - Stored event add_advertisement_description request with a trace id of 4804e00c-84b6-11ec-8fad-002590870b87
2022-02-02 21:58:19,297 - basicLogger - DEBUG - Stored event add_advertisement_description request with a trace id of 483f7c03-84b6-11ec-8f28-002590870b87
2022-02-02 21:58:19,328 - basicLogger - DEBUG - Stored event emp_resume request with a trace id of 48437544-84b6-11ec-b927-002590870b87
2022-02-02 21:58:20,079 - basicLogger - DEBUG - Stored event emp_resume request with a trace id of 48b64173-84b6-11ec-a488-002590870b87
2022-02-02 21:58:20,506 - basicLogger - DEBUG - Stored event emp_resume request with a trace id of 48f6ae49-84b6-11ec-85dc-002590870b87
2022-02-02 21:58:20,955 - basicLogger - DEBUG - Stored event emp_resume request with a trace id of 493c69d7-84b6-11ec-8e5c-002590870b87
2022-02-02 21:58:21,364 - basicLogger - DEBUG - Stored event emp_resume request with a trace id of 49762784-84b6-11ec-a618-002590870b87
2022-02-23 21:39:19,975 - basicLogger - INFO - Message: {'type': 'employers', 'datetime': '2022-02-23 21:39:19', 'payload': {'ad_id': 'd290f1ee-6c54-4b01-90e6-d701748f0851', 'date_created': '2021-10-29T09:12:33.001000+00:00', 'description': 'NFT start up company looking for android app and game developers', 'employer': 'Amazon, PostalOffice, Self-Employer', 'field': 'NFT, Blockchain, IT, Crypto', 'position': 'Developer, Tester, Backend'}}
2022-02-23 21:44:05,524 - basicLogger - INFO - Message: {'type': 'employers', 'datetime': '2022-02-23 21:39:19', 'payload': {'ad_id': 'd290f1ee-6c54-4b01-90e6-d701748f0851', 'date_created': '2021-10-29T09:12:33.001000+00:00', 'description': 'NFT start up company looking for android app and game developers', 'employer': 'Amazon, PostalOffice, Self-Employer', 'field': 'NFT, Blockchain, IT, Crypto', 'position': 'Developer, Tester, Backend'}}
2022-02-23 21:44:05,526 - basicLogger - INFO - Message: {'type': 'employee', 'datetime': '2022-02-23 21:39:33', 'payload': {'date_created': '2021-10-29T09:12:33.001000+00:00', 'experience': 0, 'field': 'NFT, Blockchain, Crypto, IT', 'position': 'Developer, Tester, Backend', 'resume_id': 'd290f1ee-6c54-4b01-90e6-d701748f0851'}}
2022-02-23 21:44:19,725 - basicLogger - INFO - Message: {'type': 'employee', 'datetime': '2022-02-23 21:44:19', 'payload': {'date_created': '2021-10-29T09:12:33.001000+00:00', 'experience': 0, 'field': 'NFT, Blockchain, Crypto, IT', 'position': 'Developer, Tester, Backend', 'resume_id': 'd290f1ee-6c54-4b01-90e6-d701748f0851'}}
2022-02-23 21:48:03,870 - basicLogger - INFO - Message: {'type': 'employee', 'datetime': '2022-02-23 21:48:03', 'payload': {'date_created': '2021-10-29T09:12:33.001000+00:00', 'experience': 0, 'field': 'NFT, Blockchain, Crypto, IT', 'position': 'Developer, Tester, Backend', 'resume_id': 'd290f1ee-6c54-4b01-90e6-d701748f0851', 'trace_id': '553eed45-9535-11ec-af79-002590870b87'}}
2022-02-23 21:48:15,625 - basicLogger - INFO - Message: {'type': 'employers', 'datetime': '2022-02-23 21:48:15', 'payload': {'ad_id': 'd290f1ee-6c54-4b01-90e6-d701748f0851', 'date_created': '2021-10-29T09:12:33.001000+00:00', 'description': 'NFT start up company looking for android app and game developers', 'employer': 'Amazon, PostalOffice, Self-Employer', 'field': 'NFT, Blockchain, IT, Crypto', 'position': 'Developer, Tester, Backend', 'trace_id': '5c3b10b2-9535-11ec-9349-002590870b87'}}
2022-02-23 21:49:02,996 - basicLogger - INFO - Message: {'type': 'employers', 'datetime': '2022-02-23 21:39:19', 'payload': {'ad_id': 'd290f1ee-6c54-4b01-90e6-d701748f0851', 'date_created': '2021-10-29T09:12:33.001000+00:00', 'description': 'NFT start up company looking for android app and game developers', 'employer': 'Amazon, PostalOffice, Self-Employer', 'field': 'NFT, Blockchain, IT, Crypto', 'position': 'Developer, Tester, Backend'}}
2022-02-23 21:51:14,889 - basicLogger - INFO - Message: {'type': 'employers', 'datetime': '2022-02-23 21:39:19', 'payload': {'ad_id': 'd290f1ee-6c54-4b01-90e6-d701748f0851', 'date_created': '2021-10-29T09:12:33.001000+00:00', 'description': 'NFT start up company looking for android app and game developers', 'employer': 'Amazon, PostalOffice, Self-Employer', 'field': 'NFT, Blockchain, IT, Crypto', 'position': 'Developer, Tester, Backend'}}
2022-02-23 21:51:14,891 - basicLogger - INFO - Message: {'type': 'employee', 'datetime': '2022-02-23 21:39:33', 'payload': {'date_created': '2021-10-29T09:12:33.001000+00:00', 'experience': 0, 'field': 'NFT, Blockchain, Crypto, IT', 'position': 'Developer, Tester, Backend', 'resume_id': 'd290f1ee-6c54-4b01-90e6-d701748f0851'}}
2022-02-23 21:51:14,893 - basicLogger - INFO - Message: {'type': 'employee', 'datetime': '2022-02-23 21:44:19', 'payload': {'date_created': '2021-10-29T09:12:33.001000+00:00', 'experience': 0, 'field': 'NFT, Blockchain, Crypto, IT', 'position': 'Developer, Tester, Backend', 'resume_id': 'd290f1ee-6c54-4b01-90e6-d701748f0851'}}
2022-02-23 21:51:14,894 - basicLogger - INFO - Message: {'type': 'employee', 'datetime': '2022-02-23 21:48:03', 'payload': {'date_created': '2021-10-29T09:12:33.001000+00:00', 'experience': 0, 'field': 'NFT, Blockchain, Crypto, IT', 'position': 'Developer, Tester, Backend', 'resume_id': 'd290f1ee-6c54-4b01-90e6-d701748f0851', 'trace_id': '553eed45-9535-11ec-af79-002590870b87'}}
2022-02-23 21:51:14,896 - basicLogger - INFO - Message: {'type': 'employers', 'datetime': '2022-02-23 21:48:15', 'payload': {'ad_id': 'd290f1ee-6c54-4b01-90e6-d701748f0851', 'date_created': '2021-10-29T09:12:33.001000+00:00', 'description': 'NFT start up company looking for android app and game developers', 'employer': 'Amazon, PostalOffice, Self-Employer', 'field': 'NFT, Blockchain, IT, Crypto', 'position': 'Developer, Tester, Backend', 'trace_id': '5c3b10b2-9535-11ec-9349-002590870b87'}}
2022-02-23 21:51:14,898 - basicLogger - INFO - Message: {'type': 'employers', 'datetime': '2022-02-23 21:49:39', 'payload': {'ad_id': 'd290f1ee-6c54-4b01-90e6-d701748f0851', 'date_created': '2021-10-29T09:12:33.001000+00:00', 'description': 'NFT start up company looking for android app and game developers', 'employer': 'Amazon, PostalOffice, Self-Employer', 'field': 'NFT, Blockchain, IT, Crypto', 'position': 'Developer, Tester, Backend', 'trace_id': '8e3ec0e8-9535-11ec-975e-002590870b87'}}
2022-02-23 21:51:35,992 - basicLogger - INFO - Message: {'type': 'employers', 'datetime': '2022-02-23 21:51:35', 'payload': {'ad_id': 'd290f1ee-6c54-4b01-90e6-d701748f0851', 'date_created': '2021-10-29T09:12:33.001000+00:00', 'description': 'NFT start up company looking for android app and game developers', 'employer': 'Amazon, PostalOffice, Self-Employer', 'field': 'NFT, Blockchain, IT, Crypto', 'position': 'Developer, Tester, Backend', 'trace_id': 'd3b2729a-9535-11ec-bea7-002590870b87'}}
2022-02-23 21:51:48,023 - basicLogger - INFO - Message: {'type': 'employee', 'datetime': '2022-02-23 21:51:47', 'payload': {'date_created': '2021-10-29T09:12:33.001000+00:00', 'experience': 0, 'field': 'NFT, Blockchain, Crypto, IT', 'position': 'Developer, Tester, Backend', 'resume_id': 'd290f1ee-6c54-4b01-90e6-d701748f0851', 'trace_id': 'dad4a117-9535-11ec-8370-002590870b87'}}
2022-02-23 21:52:15,108 - basicLogger - INFO - Message: {'type': 'employers', 'datetime': '2022-02-23 21:39:19', 'payload': {'ad_id': 'd290f1ee-6c54-4b01-90e6-d701748f0851', 'date_created': '2021-10-29T09:12:33.001000+00:00', 'description': 'NFT start up company looking for android app and game developers', 'employer': 'Amazon, PostalOffice, Self-Employer', 'field': 'NFT, Blockchain, IT, Crypto', 'position': 'Developer, Tester, Backend'}}
2022-02-23 21:56:00,658 - basicLogger - INFO - Message: {'type': 'employers', 'datetime': '2022-02-23 21:39:19', 'payload': {'ad_id': 'd290f1ee-6c54-4b01-90e6-d701748f0851', 'date_created': '2021-10-29T09:12:33.001000+00:00', 'description': 'NFT start up company looking for android app and game developers', 'employer': 'Amazon, PostalOffice, Self-Employer', 'field': 'NFT, Blockchain, IT, Crypto', 'position': 'Developer, Tester, Backend'}}
2022-02-23 21:56:10,680 - basicLogger - INFO - Message: {'type': 'employers', 'datetime': '2022-02-23 21:39:19', 'payload': {'ad_id': 'd290f1ee-6c54-4b01-90e6-d701748f0851', 'date_created': '2021-10-29T09:12:33.001000+00:00', 'description': 'NFT start up company looking for android app and game developers', 'employer': 'Amazon, PostalOffice, Self-Employer', 'field': 'NFT, Blockchain, IT, Crypto', 'position': 'Developer, Tester, Backend'}}
2022-02-23 21:59:54,142 - basicLogger - INFO - Message: {'type': 'employers', 'datetime': '2022-02-23 21:39:19', 'payload': {'ad_id': 'd290f1ee-6c54-4b01-90e6-d701748f0851', 'date_created': '2021-10-29T09:12:33.001000+00:00', 'description': 'NFT start up company looking for android app and game developers', 'employer': 'Amazon, PostalOffice, Self-Employer', 'field': 'NFT, Blockchain, IT, Crypto', 'position': 'Developer, Tester, Backend'}}
2022-02-23 22:00:15,072 - basicLogger - INFO - Message: {'type': 'employers', 'datetime': '2022-02-23 21:39:19', 'payload': {'ad_id': 'd290f1ee-6c54-4b01-90e6-d701748f0851', 'date_created': '2021-10-29T09:12:33.001000+00:00', 'description': 'NFT start up company looking for android app and game developers', 'employer': 'Amazon, PostalOffice, Self-Employer', 'field': 'NFT, Blockchain, IT, Crypto', 'position': 'Developer, Tester, Backend'}}
2022-02-23 22:00:15,075 - basicLogger - INFO - Message: {'type': 'employee', 'datetime': '2022-02-23 21:39:33', 'payload': {'date_created': '2021-10-29T09:12:33.001000+00:00', 'experience': 0, 'field': 'NFT, Blockchain, Crypto, IT', 'position': 'Developer, Tester, Backend', 'resume_id': 'd290f1ee-6c54-4b01-90e6-d701748f0851'}}
2022-02-23 22:00:15,077 - basicLogger - INFO - Message: {'type': 'employee', 'datetime': '2022-02-23 21:44:19', 'payload': {'date_created': '2021-10-29T09:12:33.001000+00:00', 'experience': 0, 'field': 'NFT, Blockchain, Crypto, IT', 'position': 'Developer, Tester, Backend', 'resume_id': 'd290f1ee-6c54-4b01-90e6-d701748f0851'}}
2022-02-23 22:00:15,080 - basicLogger - INFO - Message: {'type': 'employee', 'datetime': '2022-02-23 21:48:03', 'payload': {'date_created': '2021-10-29T09:12:33.001000+00:00', 'experience': 0, 'field': 'NFT, Blockchain, Crypto, IT', 'position': 'Developer, Tester, Backend', 'resume_id': 'd290f1ee-6c54-4b01-90e6-d701748f0851', 'trace_id': '553eed45-9535-11ec-af79-002590870b87'}}
2022-02-23 22:00:15,081 - basicLogger - INFO - Message: {'type': 'employers', 'datetime': '2022-02-23 21:48:15', 'payload': {'ad_id': 'd290f1ee-6c54-4b01-90e6-d701748f0851', 'date_created': '2021-10-29T09:12:33.001000+00:00', 'description': 'NFT start up company looking for android app and game developers', 'employer': 'Amazon, PostalOffice, Self-Employer', 'field': 'NFT, Blockchain, IT, Crypto', 'position': 'Developer, Tester, Backend', 'trace_id': '5c3b10b2-9535-11ec-9349-002590870b87'}}
2022-02-23 22:00:15,082 - basicLogger - INFO - Message: {'type': 'employers', 'datetime': '2022-02-23 21:49:39', 'payload': {'ad_id': 'd290f1ee-6c54-4b01-90e6-d701748f0851', 'date_created': '2021-10-29T09:12:33.001000+00:00', 'description': 'NFT start up company looking for android app and game developers', 'employer': 'Amazon, PostalOffice, Self-Employer', 'field': 'NFT, Blockchain, IT, Crypto', 'position': 'Developer, Tester, Backend', 'trace_id': '8e3ec0e8-9535-11ec-975e-002590870b87'}}
2022-02-23 22:00:15,084 - basicLogger - INFO - Message: {'type': 'employers', 'datetime': '2022-02-23 21:51:35', 'payload': {'ad_id': 'd290f1ee-6c54-4b01-90e6-d701748f0851', 'date_created': '2021-10-29T09:12:33.001000+00:00', 'description': 'NFT start up company looking for android app and game developers', 'employer': 'Amazon, PostalOffice, Self-Employer', 'field': 'NFT, Blockchain, IT, Crypto', 'position': 'Developer, Tester, Backend', 'trace_id': 'd3b2729a-9535-11ec-bea7-002590870b87'}}
2022-02-23 22:00:15,085 - basicLogger - INFO - Message: {'type': 'employee', 'datetime': '2022-02-23 21:51:47', 'payload': {'date_created': '2021-10-29T09:12:33.001000+00:00', 'experience': 0, 'field': 'NFT, Blockchain, Crypto, IT', 'position': 'Developer, Tester, Backend', 'resume_id': 'd290f1ee-6c54-4b01-90e6-d701748f0851', 'trace_id': 'dad4a117-9535-11ec-8370-002590870b87'}}
2022-02-23 22:00:15,087 - basicLogger - INFO - Message: {'type': 'employee', 'datetime': '2022-02-23 21:52:54', 'payload': {'date_created': '2021-10-29T09:12:33.001000+00:00', 'experience': 0, 'field': 'NFT, Blockchain, Crypto, IT', 'position': 'Developer, Tester, Backend', 'resume_id': 'd290f1ee-6c54-4b01-90e6-d701748f0851', 'trace_id': '02655c6a-9536-11ec-9f19-002590870b87'}}
2022-02-23 22:00:15,088 - basicLogger - INFO - Message: {'type': 'employers', 'datetime': '2022-02-23 21:54:16', 'payload': {'ad_id': 'd290f1ee-6c54-4b01-90e6-d701748f0851', 'date_created': '2021-10-29T09:12:33.001000+00:00', 'description': 'NFT start up company looking for android app and game developers', 'employer': 'Amazon, PostalOffice, Self-Employer', 'field': 'NFT, Blockchain, IT, Crypto', 'position': 'Developer, Tester, Backend', 'trace_id': '334dffd3-9536-11ec-9efc-002590870b87'}}
2022-02-23 22:00:15,116 - basicLogger - INFO - Message: {'type': 'employers', 'datetime': '2022-02-23 21:56:41', 'payload': {'ad_id': 'd290f1ee-6c54-4b01-90e6-d701748f0851', 'date_created': '2021-10-29T09:12:33.001000+00:00', 'description': 'NFT start up company looking for android app and game developers', 'employer': 'Amazon, PostalOffice, Self-Employer', 'field': 'NFT, Blockchain, IT, Crypto', 'position': 'Developer, Tester, Backend', 'trace_id': '89aaf8a0-9536-11ec-8bc8-002590870b87'}}
2022-02-23 22:00:15,121 - basicLogger - INFO - Message: {'type': 'employers', 'datetime': '2022-02-23 21:58:34', 'payload': {'ad_id': 'd290f1ee-6c54-4b01-90e6-d701748f0851', 'date_created': '2021-10-29T09:12:33.001000+00:00', 'description': 'NFT start up company looking for android app and game developers', 'employer': 'Amazon, PostalOffice, Self-Employer', 'field': 'NFT, Blockchain, IT, Crypto', 'position': 'Developer, Tester, Backend', 'trace_id': 'cd7715ed-9536-11ec-ba57-002590870b87'}}
2022-02-23 22:00:33,691 - basicLogger - INFO - Message: {'type': 'employers', 'datetime': '2022-02-23 21:39:19', 'payload': {'ad_id': 'd290f1ee-6c54-4b01-90e6-d701748f0851', 'date_created': '2021-10-29T09:12:33.001000+00:00', 'description': 'NFT start up company looking for android app and game developers', 'employer': 'Amazon, PostalOffice, Self-Employer', 'field': 'NFT, Blockchain, IT, Crypto', 'position': 'Developer, Tester, Backend'}}
2022-02-23 22:00:33,693 - basicLogger - INFO - Message: {'type': 'employee', 'datetime': '2022-02-23 21:39:33', 'payload': {'date_created': '2021-10-29T09:12:33.001000+00:00', 'experience': 0, 'field': 'NFT, Blockchain, Crypto, IT', 'position': 'Developer, Tester, Backend', 'resume_id': 'd290f1ee-6c54-4b01-90e6-d701748f0851'}}
2022-02-23 22:00:33,695 - basicLogger - INFO - Message: {'type': 'employee', 'datetime': '2022-02-23 21:44:19', 'payload': {'date_created': '2021-10-29T09:12:33.001000+00:00', 'experience': 0, 'field': 'NFT, Blockchain, Crypto, IT', 'position': 'Developer, Tester, Backend', 'resume_id': 'd290f1ee-6c54-4b01-90e6-d701748f0851'}}
2022-02-23 22:00:33,698 - basicLogger - INFO - Message: {'type': 'employee', 'datetime': '2022-02-23 21:48:03', 'payload': {'date_created': '2021-10-29T09:12:33.001000+00:00', 'experience': 0, 'field': 'NFT, Blockchain, Crypto, IT', 'position': 'Developer, Tester, Backend', 'resume_id': 'd290f1ee-6c54-4b01-90e6-d701748f0851', 'trace_id': '553eed45-9535-11ec-af79-002590870b87'}}
2022-02-23 22:00:33,699 - basicLogger - INFO - Message: {'type': 'employers', 'datetime': '2022-02-23 21:48:15', 'payload': {'ad_id': 'd290f1ee-6c54-4b01-90e6-d701748f0851', 'date_created': '2021-10-29T09:12:33.001000+00:00', 'description': 'NFT start up company looking for android app and game developers', 'employer': 'Amazon, PostalOffice, Self-Employer', 'field': 'NFT, Blockchain, IT, Crypto', 'position': 'Developer, Tester, Backend', 'trace_id': '5c3b10b2-9535-11ec-9349-002590870b87'}}
2022-02-23 22:00:33,700 - basicLogger - INFO - Message: {'type': 'employers', 'datetime': '2022-02-23 21:49:39', 'payload': {'ad_id': 'd290f1ee-6c54-4b01-90e6-d701748f0851', 'date_created': '2021-10-29T09:12:33.001000+00:00', 'description': 'NFT start up company looking for android app and game developers', 'employer': 'Amazon, PostalOffice, Self-Employer', 'field': 'NFT, Blockchain, IT, Crypto', 'position': 'Developer, Tester, Backend', 'trace_id': '8e3ec0e8-9535-11ec-975e-002590870b87'}}
2022-02-23 22:00:33,702 - basicLogger - INFO - Message: {'type': 'employers', 'datetime': '2022-02-23 21:51:35', 'payload': {'ad_id': 'd290f1ee-6c54-4b01-90e6-d701748f0851', 'date_created': '2021-10-29T09:12:33.001000+00:00', 'description': 'NFT start up company looking for android app and game developers', 'employer': 'Amazon, PostalOffice, Self-Employer', 'field': 'NFT, Blockchain, IT, Crypto', 'position': 'Developer, Tester, Backend', 'trace_id': 'd3b2729a-9535-11ec-bea7-002590870b87'}}
2022-02-23 22:00:33,703 - basicLogger - INFO - Message: {'type': 'employee', 'datetime': '2022-02-23 21:51:47', 'payload': {'date_created': '2021-10-29T09:12:33.001000+00:00', 'experience': 0, 'field': 'NFT, Blockchain, Crypto, IT', 'position': 'Developer, Tester, Backend', 'resume_id': 'd290f1ee-6c54-4b01-90e6-d701748f0851', 'trace_id': 'dad4a117-9535-11ec-8370-002590870b87'}}
2022-02-23 22:00:33,704 - basicLogger - INFO - Message: {'type': 'employee', 'datetime': '2022-02-23 21:52:54', 'payload': {'date_created': '2021-10-29T09:12:33.001000+00:00', 'experience': 0, 'field': 'NFT, Blockchain, Crypto, IT', 'position': 'Developer, Tester, Backend', 'resume_id': 'd290f1ee-6c54-4b01-90e6-d701748f0851', 'trace_id': '02655c6a-9536-11ec-9f19-002590870b87'}}
2022-02-23 22:00:33,705 - basicLogger - INFO - Message: {'type': 'employers', 'datetime': '2022-02-23 21:54:16', 'payload': {'ad_id': 'd290f1ee-6c54-4b01-90e6-d701748f0851', 'date_created': '2021-10-29T09:12:33.001000+00:00', 'description': 'NFT start up company looking for android app and game developers', 'employer': 'Amazon, PostalOffice, Self-Employer', 'field': 'NFT, Blockchain, IT, Crypto', 'position': 'Developer, Tester, Backend', 'trace_id': '334dffd3-9536-11ec-9efc-002590870b87'}}
2022-02-23 22:00:33,707 - basicLogger - INFO - Message: {'type': 'employers', 'datetime': '2022-02-23 21:56:41', 'payload': {'ad_id': 'd290f1ee-6c54-4b01-90e6-d701748f0851', 'date_created': '2021-10-29T09:12:33.001000+00:00', 'description': 'NFT start up company looking for android app and game developers', 'employer': 'Amazon, PostalOffice, Self-Employer', 'field': 'NFT, Blockchain, IT, Crypto', 'position': 'Developer, Tester, Backend', 'trace_id': '89aaf8a0-9536-11ec-8bc8-002590870b87'}}
2022-02-23 22:00:33,709 - basicLogger - INFO - Message: {'type': 'employers', 'datetime': '2022-02-23 21:58:34', 'payload': {'ad_id': 'd290f1ee-6c54-4b01-90e6-d701748f0851', 'date_created': '2021-10-29T09:12:33.001000+00:00', 'description': 'NFT start up company looking for android app and game developers', 'employer': 'Amazon, PostalOffice, Self-Employer', 'field': 'NFT, Blockchain, IT, Crypto', 'position': 'Developer, Tester, Backend', 'trace_id': 'cd7715ed-9536-11ec-ba57-002590870b87'}}
2022-02-23 22:01:39,480 - basicLogger - INFO - Message: {'type': 'employers', 'datetime': '2022-02-23 22:01:39', 'payload': {'ad_id': 'd290f1ee-6c54-4b01-90e6-d701748f0851', 'date_created': '2021-10-29T09:12:33.001000+00:00', 'description': 'NFT start up company looking for android app and game developers', 'employer': 'Amazon, PostalOffice, Self-Employer', 'field': 'NFT, Blockchain, IT, Crypto', 'position': 'Developer, Tester, Backend', 'trace_id': '3b67062d-9537-11ec-8da9-002590870b87'}}
2022-02-23 22:03:51,230 - basicLogger - INFO - Message: {'type': 'employers', 'datetime': '2022-02-23 21:39:19', 'payload': {'ad_id': 'd290f1ee-6c54-4b01-90e6-d701748f0851', 'date_created': '2021-10-29T09:12:33.001000+00:00', 'description': 'NFT start up company looking for android app and game developers', 'employer': 'Amazon, PostalOffice, Self-Employer', 'field': 'NFT, Blockchain, IT, Crypto', 'position': 'Developer, Tester, Backend'}}
2022-02-23 22:04:49,406 - basicLogger - INFO - Message: {'type': 'employers', 'datetime': '2022-02-23 21:39:19', 'payload': {'ad_id': 'd290f1ee-6c54-4b01-90e6-d701748f0851', 'date_created': '2021-10-29T09:12:33.001000+00:00', 'description': 'NFT start up company looking for android app and game developers', 'employer': 'Amazon, PostalOffice, Self-Employer', 'field': 'NFT, Blockchain, IT, Crypto', 'position': 'Developer, Tester, Backend'}}
2022-02-23 22:04:49,521 - basicLogger - INFO - Message: {'type': 'employee', 'datetime': '2022-02-23 21:39:33', 'payload': {'date_created': '2021-10-29T09:12:33.001000+00:00', 'experience': 0, 'field': 'NFT, Blockchain, Crypto, IT', 'position': 'Developer, Tester, Backend', 'resume_id': 'd290f1ee-6c54-4b01-90e6-d701748f0851'}}
2022-02-23 22:04:49,600 - basicLogger - INFO - Message: {'type': 'employee', 'datetime': '2022-02-23 21:44:19', 'payload': {'date_created': '2021-10-29T09:12:33.001000+00:00', 'experience': 0, 'field': 'NFT, Blockchain, Crypto, IT', 'position': 'Developer, Tester, Backend', 'resume_id': 'd290f1ee-6c54-4b01-90e6-d701748f0851'}}
2022-02-23 22:04:49,676 - basicLogger - INFO - Message: {'type': 'employee', 'datetime': '2022-02-23 21:48:03', 'payload': {'date_created': '2021-10-29T09:12:33.001000+00:00', 'experience': 0, 'field': 'NFT, Blockchain, Crypto, IT', 'position': 'Developer, Tester, Backend', 'resume_id': 'd290f1ee-6c54-4b01-90e6-d701748f0851', 'trace_id': '553eed45-9535-11ec-af79-002590870b87'}}
2022-02-23 22:04:49,678 - basicLogger - DEBUG - Stored event employee request with a trace id of 553eed45-9535-11ec-af79-002590870b87
2022-02-23 22:04:53,845 - basicLogger - INFO - Message: {'type': 'employers', 'datetime': '2022-02-23 21:48:15', 'payload': {'ad_id': 'd290f1ee-6c54-4b01-90e6-d701748f0851', 'date_created': '2021-10-29T09:12:33.001000+00:00', 'description': 'NFT start up company looking for android app and game developers', 'employer': 'Amazon, PostalOffice, Self-Employer', 'field': 'NFT, Blockchain, IT, Crypto', 'position': 'Developer, Tester, Backend', 'trace_id': '5c3b10b2-9535-11ec-9349-002590870b87'}}
2022-02-23 22:04:53,927 - basicLogger - INFO - Message: {'type': 'employers', 'datetime': '2022-02-23 21:49:39', 'payload': {'ad_id': 'd290f1ee-6c54-4b01-90e6-d701748f0851', 'date_created': '2021-10-29T09:12:33.001000+00:00', 'description': 'NFT start up company looking for android app and game developers', 'employer': 'Amazon, PostalOffice, Self-Employer', 'field': 'NFT, Blockchain, IT, Crypto', 'position': 'Developer, Tester, Backend', 'trace_id': '8e3ec0e8-9535-11ec-975e-002590870b87'}}
2022-02-23 22:04:54,007 - basicLogger - INFO - Message: {'type': 'employers', 'datetime': '2022-02-23 21:51:35', 'payload': {'ad_id': 'd290f1ee-6c54-4b01-90e6-d701748f0851', 'date_created': '2021-10-29T09:12:33.001000+00:00', 'description': 'NFT start up company looking for android app and game developers', 'employer': 'Amazon, PostalOffice, Self-Employer', 'field': 'NFT, Blockchain, IT, Crypto', 'position': 'Developer, Tester, Backend', 'trace_id': 'd3b2729a-9535-11ec-bea7-002590870b87'}}
2022-02-23 22:04:54,087 - basicLogger - INFO - Message: {'type': 'employee', 'datetime': '2022-02-23 21:51:47', 'payload': {'date_created': '2021-10-29T09:12:33.001000+00:00', 'experience': 0, 'field': 'NFT, Blockchain, Crypto, IT', 'position': 'Developer, Tester, Backend', 'resume_id': 'd290f1ee-6c54-4b01-90e6-d701748f0851', 'trace_id': 'dad4a117-9535-11ec-8370-002590870b87'}}
2022-02-23 22:04:54,088 - basicLogger - DEBUG - Stored event employee request with a trace id of dad4a117-9535-11ec-8370-002590870b87
2022-02-23 22:04:54,163 - basicLogger - INFO - Message: {'type': 'employee', 'datetime': '2022-02-23 21:52:54', 'payload': {'date_created': '2021-10-29T09:12:33.001000+00:00', 'experience': 0, 'field': 'NFT, Blockchain, Crypto, IT', 'position': 'Developer, Tester, Backend', 'resume_id': 'd290f1ee-6c54-4b01-90e6-d701748f0851', 'trace_id': '02655c6a-9536-11ec-9f19-002590870b87'}}
2022-02-23 22:04:54,164 - basicLogger - DEBUG - Stored event employee request with a trace id of 02655c6a-9536-11ec-9f19-002590870b87
2022-02-23 22:04:54,242 - basicLogger - INFO - Message: {'type': 'employers', 'datetime': '2022-02-23 21:54:16', 'payload': {'ad_id': 'd290f1ee-6c54-4b01-90e6-d701748f0851', 'date_created': '2021-10-29T09:12:33.001000+00:00', 'description': 'NFT start up company looking for android app and game developers', 'employer': 'Amazon, PostalOffice, Self-Employer', 'field': 'NFT, Blockchain, IT, Crypto', 'position': 'Developer, Tester, Backend', 'trace_id': '334dffd3-9536-11ec-9efc-002590870b87'}}
2022-02-23 22:04:54,319 - basicLogger - INFO - Message: {'type': 'employers', 'datetime': '2022-02-23 21:56:41', 'payload': {'ad_id': 'd290f1ee-6c54-4b01-90e6-d701748f0851', 'date_created': '2021-10-29T09:12:33.001000+00:00', 'description': 'NFT start up company looking for android app and game developers', 'employer': 'Amazon, PostalOffice, Self-Employer', 'field': 'NFT, Blockchain, IT, Crypto', 'position': 'Developer, Tester, Backend', 'trace_id': '89aaf8a0-9536-11ec-8bc8-002590870b87'}}
2022-02-23 22:04:54,395 - basicLogger - INFO - Message: {'type': 'employers', 'datetime': '2022-02-23 21:58:34', 'payload': {'ad_id': 'd290f1ee-6c54-4b01-90e6-d701748f0851', 'date_created': '2021-10-29T09:12:33.001000+00:00', 'description': 'NFT start up company looking for android app and game developers', 'employer': 'Amazon, PostalOffice, Self-Employer', 'field': 'NFT, Blockchain, IT, Crypto', 'position': 'Developer, Tester, Backend', 'trace_id': 'cd7715ed-9536-11ec-ba57-002590870b87'}}
2022-02-23 22:04:54,472 - basicLogger - INFO - Message: {'type': 'employers', 'datetime': '2022-02-23 22:01:39', 'payload': {'ad_id': 'd290f1ee-6c54-4b01-90e6-d701748f0851', 'date_created': '2021-10-29T09:12:33.001000+00:00', 'description': 'NFT start up company looking for android app and game developers', 'employer': 'Amazon, PostalOffice, Self-Employer', 'field': 'NFT, Blockchain, IT, Crypto', 'position': 'Developer, Tester, Backend', 'trace_id': '3b67062d-9537-11ec-8da9-002590870b87'}}
2022-02-23 22:05:26,068 - basicLogger - INFO - Message: {'type': 'employers', 'datetime': '2022-02-23 22:05:25', 'payload': {'ad_id': 'd290f1ee-6c54-4b01-90e6-d701748f0851', 'date_created': '2021-10-29T09:12:33.001000+00:00', 'description': 'NFT start up company looking for android app and game developers', 'employer': 'Amazon, PostalOffice, Self-Employer', 'field': 'NFT, Blockchain, IT, Crypto', 'position': 'Developer, Tester, Backend', 'trace_id': 'c275defd-9537-11ec-b93b-002590870b87'}}
2022-02-23 22:05:50,480 - basicLogger - INFO - Message: {'type': 'employee', 'datetime': '2022-02-23 22:05:50', 'payload': {'date_created': '2021-10-29T09:12:33.001000+00:00', 'experience': 0, 'field': 'NFT, Blockchain, Crypto, IT', 'position': 'Developer, Tester, Backend', 'resume_id': 'd290f1ee-6c54-4b01-90e6-d701748f0851', 'trace_id': 'd0fe7495-9537-11ec-9541-002590870b87'}}
2022-02-23 22:05:50,481 - basicLogger - DEBUG - Stored event employee request with a trace id of d0fe7495-9537-11ec-9541-002590870b87
2022-02-23 22:11:30,498 - basicLogger - INFO - Message: {'type': 'employee', 'datetime': '2022-02-23 22:11:30', 'payload': {'date_created': '2021-10-29T09:12:33.001000+00:00', 'experience': 0, 'field': 'NFT, Blockchain, Crypto, IT', 'position': 'Developer, Tester, Backend', 'resume_id': 'd290f1ee-6c54-4b01-90e6-d701748f0851', 'trace_id': '9ba897b4-9538-11ec-a970-002590870b87'}}
2022-02-23 22:11:30,502 - basicLogger - DEBUG - Stored event employee request with a trace id of 9ba897b4-9538-11ec-a970-002590870b87
2022-02-23 22:14:24,506 - basicLogger - INFO - Message: {'type': 'employee', 'datetime': '2022-02-23 22:14:24', 'payload': {'date_created': '2021-10-29T09:12:33.001000+00:00', 'experience': 0, 'field': 'NFT, Blockchain, Crypto, IT', 'position': 'Developer, Tester, Backend', 'resume_id': 'd290f1ee-6c54-4b01-90e6-d701748f0851', 'trace_id': '0365b2b5-9539-11ec-8251-002590870b87'}}
2022-02-23 22:14:24,509 - basicLogger - DEBUG - Stored event employee request with a trace id of 0365b2b5-9539-11ec-8251-002590870b87
2022-02-23 22:17:03,748 - basicLogger - INFO - Message: {'type': 'employee', 'datetime': '2022-02-23 22:14:24', 'payload': {'date_created': '2021-10-29T09:12:33.001000+00:00', 'experience': 0, 'field': 'NFT, Blockchain, Crypto, IT', 'position': 'Developer, Tester, Backend', 'resume_id': 'd290f1ee-6c54-4b01-90e6-d701748f0851', 'trace_id': '0365b2b5-9539-11ec-8251-002590870b87'}}
2022-02-23 22:17:03,750 - basicLogger - DEBUG - Stored event employee request with a trace id of 0365b2b5-9539-11ec-8251-002590870b87
2022-02-23 22:17:12,506 - basicLogger - INFO - Message: {'type': 'employee', 'datetime': '2022-02-23 22:17:12', 'payload': {'date_created': '2021-10-29T09:12:33.001000+00:00', 'experience': 0, 'field': 'NFT, Blockchain, Crypto, IT', 'position': 'Developer, Tester, Backend', 'resume_id': 'd290f1ee-6c54-4b01-90e6-d701748f0851', 'trace_id': '6786ecaa-9539-11ec-aa2f-002590870b87'}}
2022-02-23 22:17:12,507 - basicLogger - DEBUG - Stored event employee request with a trace id of 6786ecaa-9539-11ec-aa2f-002590870b87
2022-02-23 22:18:48,848 - basicLogger - INFO - Message: {'type': 'employee', 'datetime': '2022-02-23 22:18:48', 'payload': {'date_created': '2021-10-29T09:12:33.001000+00:00', 'experience': 0, 'field': 'NFT, Blockchain, Crypto, IT', 'position': 'Developer, Tester, Backend', 'resume_id': 'd290f1ee-6c54-4b01-90e6-d701748f0851', 'trace_id': 'a0ed02a1-9539-11ec-aa3b-002590870b87'}}
2022-02-23 22:18:48,850 - basicLogger - DEBUG - Stored event employee request with a trace id of a0ed02a1-9539-11ec-aa3b-002590870b87
2022-02-23 22:19:37,244 - basicLogger - INFO - Message: {'type': 'employers', 'datetime': '2022-02-23 22:19:37', 'payload': {'ad_id': 'd290f1ee-6c54-4b01-90e6-d701748f0851', 'date_created': '2021-10-29T09:12:33.001000+00:00', 'description': 'NFT start up company looking for android app and game developers', 'employer': 'Amazon, PostalOffice, Self-Employer', 'field': 'NFT, Blockchain, IT, Crypto', 'position': 'Developer, Tester, Backend', 'trace_id': 'bdc516f0-9539-11ec-a717-002590870b87'}}
2022-02-23 22:19:37,475 - basicLogger - DEBUG - Stored event employer request with a trace id of bdc516f0-9539-11ec-a717-002590870b87
2022-02-23 23:25:56,343 - basicLogger - INFO - Message: {'type': 'employers', 'datetime': '2022-02-23 23:25:56', 'payload': {'ad_id': 'd290f1ee-6c54-4b01-90e6-d701748f0851', 'date_created': '2021-10-29T09:12:33.001000+00:00', 'description': 'NFT start up company looking for android app and game developers', 'employer': 'Amazon, PostalOffice, Self-Employer', 'field': 'NFT, Blockchain, IT, Crypto', 'position': 'Developer, Tester, Backend', 'trace_id': '01767ab0-9543-11ec-9be4-002590870b87'}}
2022-02-23 23:25:57,399 - basicLogger - DEBUG - Stored event employer request with a trace id of 01767ab0-9543-11ec-9be4-002590870b87
2022-02-23 23:26:08,984 - basicLogger - INFO - Message: {'type': 'employee', 'datetime': '2022-02-23 23:26:06', 'payload': {'date_created': '2021-10-29T09:12:33.001000+00:00', 'experience': 0, 'field': 'NFT, Blockchain, Crypto, IT', 'position': 'Developer, Tester, Backend', 'resume_id': 'd290f1ee-6c54-4b01-90e6-d701748f0851', 'trace_id': '07ac3cde-9543-11ec-b315-002590870b87'}}
2022-02-23 23:26:08,985 - basicLogger - DEBUG - Stored event employee request with a trace id of 07ac3cde-9543-11ec-b315-002590870b87
2022-02-23 23:28:44,988 - basicLogger - INFO - Message: {'type': 'employers', 'datetime': '2022-02-23 23:28:44', 'payload': {'ad_id': 'd290f1ee-6c54-4b01-90e6-d701748f0851', 'date_created': '2021-10-29T09:12:33.001000+00:00', 'description': 'NFT start up company looking for android app and game developers', 'employer': 'Amazon, PostalOffice, Self-Employer', 'field': 'NFT, Blockchain, IT, Crypto', 'position': 'Developer, Tester, Backend', 'trace_id': '660d31b0-9543-11ec-9a42-002590870b87'}}
2022-02-23 23:28:46,069 - basicLogger - DEBUG - Stored event employer request with a trace id of 660d31b0-9543-11ec-9a42-002590870b87
2022-02-23 23:28:59,417 - basicLogger - INFO - Message: {'type': 'employee', 'datetime': '2022-02-23 23:28:59', 'payload': {'date_created': '2021-10-29T09:12:33.001000+00:00', 'experience': 0, 'field': 'NFT, Blockchain, Crypto, IT', 'position': 'Developer, Tester, Backend', 'resume_id': 'd290f1ee-6c54-4b01-90e6-d701748f0851', 'trace_id': '6e999af6-9543-11ec-ae04-002590870b87'}}
2022-02-23 23:28:59,420 - basicLogger - DEBUG - Stored event employee request with a trace id of 6e999af6-9543-11ec-ae04-002590870b87
2022-02-23 23:31:50,449 - basicLogger - INFO - Message: {'type': 'employers', 'datetime': '2022-02-23 23:31:50', 'payload': {'ad_id': 'd290f1ee-6c54-4b01-90e6-d701748f0851', 'date_created': '2021-10-29T09:12:33.001000+00:00', 'description': 'NFT start up company looking for android app and game developers', 'employer': 'Amazon, PostalOffice, Self-Employer', 'field': 'NFT, Blockchain, IT, Crypto', 'position': 'Developer, Tester, Backend', 'trace_id': 'd4973e4f-9543-11ec-84ac-002590870b87'}}
2022-02-23 23:31:50,452 - basicLogger - DEBUG - Stored event employers request with a trace id of d4973e4f-9543-11ec-84ac-002590870b87
2022-02-23 23:31:57,115 - basicLogger - INFO - Message: {'type': 'employee', 'datetime': '2022-02-23 23:31:56', 'payload': {'date_created': '2021-10-29T09:12:33.001000+00:00', 'experience': 0, 'field': 'NFT, Blockchain, Crypto, IT', 'position': 'Developer, Tester, Backend', 'resume_id': 'd290f1ee-6c54-4b01-90e6-d701748f0851', 'trace_id': 'd870b2ad-9543-11ec-b8f8-002590870b87'}}
2022-02-23 23:31:57,115 - basicLogger - DEBUG - Stored event employee request with a trace id of d870b2ad-9543-11ec-b8f8-002590870b87
